<?xml version="1.0" encoding="UTF-8"?>
<!-- Generated by org.testng.reporters.JUnitReportReporter -->
<testsuite hostname="DESKTOP-FGHVBLO" failures="0" tests="30" name="com.example.TestArithmeticOperations" time="0.010" errors="0" timestamp="2026-03-10T21:56:41 YEKT" skipped="0">
  <testcase classname="com.example.TestArithmeticOperations" name="testModulo" time="0.000"/>
  <testcase classname="com.example.TestArithmeticOperations" name="testComplexExpressions" time="0.000"/>
  <testcase classname="com.example.TestArithmeticOperations" name="testDivisionByZero" time="0.000"/>
  <testcase classname="com.example.TestArithmeticOperations" name="testComplexExpressions" time="0.000"/>
  <testcase classname="com.example.TestArithmeticOperations" name="testDivision" time="0.001"/>
  <testcase classname="com.example.TestArithmeticOperations" name="testSubtraction" time="0.000"/>
  <testcase classname="com.example.TestArithmeticOperations" name="testSubtraction" time="0.000"/>
  <testcase classname="com.example.TestArithmeticOperations" name="testMultiplication" time="0.000"/>
  <testcase classname="com.example.TestArithmeticOperations" name="testAddition" time="0.004"/>
  <testcase classname="com.example.TestArithmeticOperations" name="testAddition" time="0.000"/>
  <testcase classname="com.example.TestArithmeticOperations" name="testModulo" time="0.000"/>
  <testcase classname="com.example.TestArithmeticOperations" name="testComplexExpressions" time="0.000"/>
  <testcase classname="com.example.TestArithmeticOperations" name="testSubtraction" time="0.000"/>
  <testcase classname="com.example.TestArithmeticOperations" name="testSubtraction" time="0.001"/>
  <testcase classname="com.example.TestArithmeticOperations" name="testDivision" time="0.001"/>
  <testcase classname="com.example.TestArithmeticOperations" name="testDivision" time="0.000"/>
  <testcase classname="com.example.TestArithmeticOperations" name="testModulo" time="0.001"/>
  <testcase classname="com.example.TestArithmeticOperations" name="testMultiplication" time="0.000"/>
  <testcase classname="com.example.TestArithmeticOperations" name="testComplexExpressions" time="0.001"/>
  <testcase classname="com.example.TestArithmeticOperations" name="testDivision" time="0.000"/>
  <testcase classname="com.example.TestArithmeticOperations" name="testAddition" time="0.000"/>
  <testcase classname="com.example.TestArithmeticOperations" name="testDivision" time="0.000"/>
  <testcase classname="com.example.TestArithmeticOperations" name="testAddition" time="0.000"/>
  <testcase classname="com.example.TestArithmeticOperations" name="testMultiplication" time="0.000"/>
  <testcase classname="com.example.TestArithmeticOperations" name="testModulo" time="0.000"/>
  <testcase classname="com.example.TestArithmeticOperations" name="testMultiplication" time="0.000"/>
  <testcase classname="com.example.TestArithmeticOperations" name="testAddition" time="0.000"/>
  <testcase classname="com.example.TestArithmeticOperations" name="testSubtraction" time="0.000"/>
  <testcase classname="com.example.TestArithmeticOperations" name="testModulo" time="0.001"/>
  <testcase classname="com.example.TestArithmeticOperations" name="testMultiplication" time="0.000"/>
</testsuite> <!-- com.example.TestArithmeticOperations -->
