<?xml version="1.0" encoding="UTF-8"?>
<!-- Generated by org.testng.reporters.JUnitReportReporter -->
<testsuite hostname="DESKTOP-FGHVBLO" failures="0" tests="10" name="com.example.TestNumberComparison" time="0.005" errors="0" timestamp="2026-03-10T21:56:41 YEKT" skipped="0">
  <testcase classname="com.example.TestNumberComparison" name="testNumberLess" time="0.000"/>
  <testcase classname="com.example.TestNumberComparison" name="testNegativeNumbersFirstGreater" time="0.000"/>
  <testcase classname="com.example.TestNumberComparison" name="testMinMaxValues" time="0.000"/>
  <testcase classname="com.example.TestNumberComparison" name="testLargeNumbers" time="0.000"/>
  <testcase classname="com.example.TestNumberComparison" name="testMixedSignsFirstNegative" time="0.001"/>
  <testcase classname="com.example.TestNumberComparison" name="testMixedSignsFirstPositive" time="0.001"/>
  <testcase classname="com.example.TestNumberComparison" name="testEqualNumbers" time="0.002"/>
  <testcase classname="com.example.TestNumberComparison" name="testNegativeNumbersFirstLess" time="0.000"/>
  <testcase classname="com.example.TestNumberComparison" name="testNumberGreater" time="0.000"/>
  <testcase classname="com.example.TestNumberComparison" name="testZeroComparison" time="0.001"/>
</testsuite> <!-- com.example.TestNumberComparison -->
