<?xml version="1.0" encoding="UTF-8"?>
<!-- Generated by org.testng.reporters.JUnitReportReporter -->
<testsuite hostname="DESKTOP-FGHVBLO" failures="0" tests="17" name="com.example.TestFactorialCalculator" time="0.005" errors="0" timestamp="2026-03-10T21:56:41 YEKT" skipped="0">
  <testcase classname="com.example.TestFactorialCalculator" name="testCalculateFactorial" time="0.000"/>
  <testcase classname="com.example.TestFactorialCalculator" name="testCalculateFactorial" time="0.001"/>
  <testcase classname="com.example.TestFactorialCalculator" name="testCalculateFactorial" time="0.000"/>
  <testcase classname="com.example.TestFactorialCalculator" name="testCalculateFactorial" time="0.000"/>
  <testcase classname="com.example.TestFactorialCalculator" name="testCalculateFactorial" time="0.000"/>
  <testcase classname="com.example.TestFactorialCalculator" name="testFactorialOfOne" time="0.000"/>
  <testcase classname="com.example.TestFactorialCalculator" name="testCalculateFactorial" time="0.003"/>
  <testcase classname="com.example.TestFactorialCalculator" name="testNegativeNumberThrowsException" time="0.000"/>
  <testcase classname="com.example.TestFactorialCalculator" name="testCalculateFactorial" time="0.000"/>
  <testcase classname="com.example.TestFactorialCalculator" name="testCalculateFactorial" time="0.000"/>
  <testcase classname="com.example.TestFactorialCalculator" name="testCalculateFactorial" time="0.000"/>
  <testcase classname="com.example.TestFactorialCalculator" name="testFactorialOverflow" time="0.001"/>
  <testcase classname="com.example.TestFactorialCalculator" name="testCalculateFactorial" time="0.000"/>
  <testcase classname="com.example.TestFactorialCalculator" name="testCalculateFactorial" time="0.000"/>
  <testcase classname="com.example.TestFactorialCalculator" name="testLargeNumberWithinLongRange" time="0.000"/>
  <testcase classname="com.example.TestFactorialCalculator" name="testCalculateFactorial" time="0.000"/>
  <testcase classname="com.example.TestFactorialCalculator" name="testFactorialOfZero" time="0.000"/>
</testsuite> <!-- com.example.TestFactorialCalculator -->
