<?xml version="1.0" encoding="UTF-8"?>
<!-- Generated by org.testng.reporters.JUnitReportReporter -->
<testsuite hostname="DESKTOP-FGHVBLO" failures="0" tests="12" name="com.example.TestTriangleArea" time="0.007" errors="0" timestamp="2026-03-10T21:56:41 YEKT" skipped="0">
  <testcase classname="com.example.TestTriangleArea" name="testLargeSides" time="0.000"/>
  <testcase classname="com.example.TestTriangleArea" name="testInvalidTriangleSumOfTwoSidesLessThanThird" time="0.001"/>
  <testcase classname="com.example.TestTriangleArea" name="testInvalidTriangleSumOfTwoSidesEqualsThird" time="0.001"/>
  <testcase classname="com.example.TestTriangleArea" name="testVerySmallSides" time="0.000"/>
  <testcase classname="com.example.TestTriangleArea" name="testNegativeSide" time="0.001"/>
  <testcase classname="com.example.TestTriangleArea" name="testValidTriangleRightAngled" time="0.000"/>
  <testcase classname="com.example.TestTriangleArea" name="testZeroSide" time="0.000"/>
  <testcase classname="com.example.TestTriangleArea" name="testFloatingPointPrecision" time="0.001"/>
  <testcase classname="com.example.TestTriangleArea" name="testValidTriangleEquilateral" time="0.001"/>
  <testcase classname="com.example.TestTriangleArea" name="testDegenerateTriangle" time="0.001"/>
  <testcase classname="com.example.TestTriangleArea" name="testValidTriangleIsosceles" time="0.000"/>
  <testcase classname="com.example.TestTriangleArea" name="testAllZeroSides" time="0.001"/>
</testsuite> <!-- com.example.TestTriangleArea -->
