<?xml version="1.0" encoding="UTF-8"?>
<testsuite xmlns:xsi="http://www.w3.org/2001/XMLSchema-instance" xsi:noNamespaceSchemaLocation="https://maven.apache.org/surefire/maven-surefire-plugin/xsd/surefire-test-report.xsd" version="3.0.2" name="TestSuite" time="0.606" tests="69" errors="0" skipped="0" failures="0">
  <properties>
[...]
</properties>
  <testcase name="testAddition[2, 3, 5, Сложение положительных чисел](1)" classname="com.example.TestArithmeticOperations" time="0.003">
    <system-err><![CDATA[SLF4J: Failed to load class "org.slf4j.impl.StaticLoggerBinder".
SLF4J: Defaulting to no-operation (NOP) logger implementation
SLF4J: See http://www.slf4j.org/codes.html#StaticLoggerBinder for further details.
]]></system-err>
  </testcase>
  <testcase name="testAddition[0, 0, 0, Сложение нулей](2)" classname="com.example.TestArithmeticOperations" time="0.0"/>
  <testcase name="testAddition[-5, 3, -2, Сложение отрицательного и положительного](3)" classname="com.example.TestArithmeticOperations" time="0.0"/>
  <testcase name="testAddition[100, -50, 50, Сложение с отрицательным](4)" classname="com.example.TestArithmeticOperations" time="0.0"/>
  <testcase name="testAddition[2147483646, 1, 2147483647, Близко к переполнению](5)" classname="com.example.TestArithmeticOperations" time="0.001"/>
  <testcase name="testComplexExpressions[(2 + 3) * 4, 20, 20](1)" classname="com.example.TestArithmeticOperations" time="0.001"/>
  <testcase name="testComplexExpressions[2 + 3 * 4, 14, 14](2)" classname="com.example.TestArithmeticOperations" time="0.001"/>
  <testcase name="testComplexExpressions[10 / 2 + 3, 8, 8](3)" classname="com.example.TestArithmeticOperations" time="0.0"/>
  <testcase name="testComplexExpressions[5 + 2 * 3 - 1, 10, 10](4)" classname="com.example.TestArithmeticOperations" time="0.0"/>
  <testcase name="testDivision[20, 4, 5, Обычное деление](1)" classname="com.example.TestArithmeticOperations" time="0.0"/>
  <testcase name="testDivision[7, 2, 3, Целочисленное деление](2)" classname="com.example.TestArithmeticOperations" time="0.0"/>
  <testcase name="testDivision[-10, 2, -5, Отрицательное делимое](3)" classname="com.example.TestArithmeticOperations" time="0.001"/>
  <testcase name="testDivision[15, -3, -5, Отрицательный делитель](4)" classname="com.example.TestArithmeticOperations" time="0.0"/>
  <testcase name="testDivision[42, 1, 42, Деление на 1](5)" classname="com.example.TestArithmeticOperations" time="0.0"/>
  <testcase name="testDivisionByZero" classname="com.example.TestArithmeticOperations" time="0.001"/>
  <testcase name="testModulo[10, 3, 1, Обычный остаток](1)" classname="com.example.TestArithmeticOperations" time="0.0"/>
  <testcase name="testModulo[8, 4, 0, Остаток 0](2)" classname="com.example.TestArithmeticOperations" time="0.001"/>
  <testcase name="testModulo[7, 10, 7, Делимое меньше делителя](3)" classname="com.example.TestArithmeticOperations" time="0.0"/>
  <testcase name="testModulo[-7, 3, -1, Отрицательное делимое (результат: -1)](4)" classname="com.example.TestArithmeticOperations" time="0.0"/>
  <testcase name="testModulo[7, -3, 1, Отрицательный делитель (результат: 1)](5)" classname="com.example.TestArithmeticOperations" time="0.0"/>
  <testcase name="testMultiplication[4, 5, 20, Умножение положительных](1)" classname="com.example.TestArithmeticOperations" time="0.001"/>
  <testcase name="testMultiplication[0, 100, 0, Умножение на ноль](2)" classname="com.example.TestArithmeticOperations" time="0.0"/>
  <testcase name="testMultiplication[-3, 4, -12, Отрицательное * положительное](3)" classname="com.example.TestArithmeticOperations" time="0.001"/>
  <testcase name="testMultiplication[-2, -5, 10, Отрицательное * отрицательное](4)" classname="com.example.TestArithmeticOperations" time="0.0"/>
  <testcase name="testMultiplication[1, 42, 42, Умножение на 1](5)" classname="com.example.TestArithmeticOperations" time="0.0"/>
  <testcase name="testSubtraction[10, 3, 7, Обычное вычитание](1)" classname="com.example.TestArithmeticOperations" time="0.0"/>
  <testcase name="testSubtraction[5, 5, 0, Вычитание одинаковых чисел](2)" classname="com.example.TestArithmeticOperations" time="0.0"/>
  <testcase name="testSubtraction[0, 5, -5, Вычитание из нуля](3)" classname="com.example.TestArithmeticOperations" time="0.0"/>
  <testcase name="testSubtraction[-3, 2, -5, Вычитание с отрицательными](4)" classname="com.example.TestArithmeticOperations" time="0.0"/>
  <testcase name="testSubtraction[-2147483643, 5, -2147483648, Близко к минимальному](5)" classname="com.example.TestArithmeticOperations" time="0.001"/>
  <testcase name="testCalculateFactorial[0, 1](1)" classname="com.example.TestFactorialCalculator" time="0.002"/>
  <testcase name="testCalculateFactorial[1, 1](2)" classname="com.example.TestFactorialCalculator" time="0.0"/>
  <testcase name="testCalculateFactorial[2, 2](3)" classname="com.example.TestFactorialCalculator" time="0.0"/>
  <testcase name="testCalculateFactorial[3, 6](4)" classname="com.example.TestFactorialCalculator" time="0.001"/>
  <testcase name="testCalculateFactorial[4, 24](5)" classname="com.example.TestFactorialCalculator" time="0.0"/>
  <testcase name="testCalculateFactorial[5, 120](6)" classname="com.example.TestFactorialCalculator" time="0.0"/>
  <testcase name="testCalculateFactorial[6, 720](7)" classname="com.example.TestFactorialCalculator" time="0.0"/>
  <testcase name="testCalculateFactorial[7, 5040](8)" classname="com.example.TestFactorialCalculator" time="0.0"/>
  <testcase name="testCalculateFactorial[8, 40320](9)" classname="com.example.TestFactorialCalculator" time="0.0"/>
  <testcase name="testCalculateFactorial[9, 362880](10)" classname="com.example.TestFactorialCalculator" time="0.0"/>
  <testcase name="testCalculateFactorial[10, 3628800](11)" classname="com.example.TestFactorialCalculator" time="0.0"/>
  <testcase name="testCalculateFactorial[15, 1307674368000](12)" classname="com.example.TestFactorialCalculator" time="0.0"/>
  <testcase name="testFactorialOfOne" classname="com.example.TestFactorialCalculator" time="0.0"/>
  <testcase name="testFactorialOfZero" classname="com.example.TestFactorialCalculator" time="0.0"/>
  <testcase name="testFactorialOverflow" classname="com.example.TestFactorialCalculator" time="0.0"/>
  <testcase name="testLargeNumberWithinLongRange" classname="com.example.TestFactorialCalculator" time="0.0"/>
  <testcase name="testNegativeNumberThrowsException" classname="com.example.TestFactorialCalculator" time="0.0"/>
  <testcase name="testEqualNumbers" classname="com.example.TestNumberComparison" time="0.002"/>
  <testcase name="testLargeNumbers" classname="com.example.TestNumberComparison" time="0.0"/>
  <testcase name="testMinMaxValues" classname="com.example.TestNumberComparison" time="0.0"/>
  <testcase name="testMixedSignsFirstNegative" classname="com.example.TestNumberComparison" time="0.0"/>
  <testcase name="testMixedSignsFirstPositive" classname="com.example.TestNumberComparison" time="0.0"/>
  <testcase name="testNegativeNumbersFirstGreater" classname="com.example.TestNumberComparison" time="0.0"/>
  <testcase name="testNegativeNumbersFirstLess" classname="com.example.TestNumberComparison" time="0.0"/>
  <testcase name="testNumberGreater" classname="com.example.TestNumberComparison" time="0.001"/>
  <testcase name="testNumberLess" classname="com.example.TestNumberComparison" time="0.001"/>
  <testcase name="testZeroComparison" classname="com.example.TestNumberComparison" time="0.0"/>
  <testcase name="testAllZeroSides" classname="com.example.TestTriangleArea" time="0.001"/>
  <testcase name="testDegenerateTriangle" classname="com.example.TestTriangleArea" time="0.0"/>
  <testcase name="testFloatingPointPrecision" classname="com.example.TestTriangleArea" time="0.0"/>
  <testcase name="testInvalidTriangleSumOfTwoSidesEqualsThird" classname="com.example.TestTriangleArea" time="0.0"/>
  <testcase name="testInvalidTriangleSumOfTwoSidesLessThanThird" classname="com.example.TestTriangleArea" time="0.0"/>
  <testcase name="testLargeSides" classname="com.example.TestTriangleArea" time="0.0"/>
  <testcase name="testNegativeSide" classname="com.example.TestTriangleArea" time="0.0"/>
  <testcase name="testValidTriangleEquilateral" classname="com.example.TestTriangleArea" time="0.0"/>
  <testcase name="testValidTriangleIsosceles" classname="com.example.TestTriangleArea" time="0.0"/>
  <testcase name="testValidTriangleRightAngled" classname="com.example.TestTriangleArea" time="0.0"/>
  <testcase name="testVerySmallSides" classname="com.example.TestTriangleArea" time="0.0"/>
  <testcase name="testZeroSide" classname="com.example.TestTriangleArea" time="0.0"/>
</testsuite>