<?xml version="1.0" encoding="UTF-8"?>
<testsuite xmlns:xsi="http://www.w3.org/2001/XMLSchema-instance" xsi:noNamespaceSchemaLocation="https://maven.apache.org/surefire/maven-surefire-plugin/xsd/surefire-test-report-3.0.xsd" version="3.0" name="com.example.ArithmeticOperationsTest" time="0.056" tests="19" errors="0" skipped="0" failures="0">
  <properties>
[...]
</properties>
  <testcase name="testAdd_WithZero" classname="com.example.ArithmeticOperationsTest" time="0.026"/>
  <testcase name="testSubtract_PositiveResults" classname="com.example.ArithmeticOperationsTest" time="0.001"/>
  <testcase name="testMultiply_PositiveNumbers" classname="com.example.ArithmeticOperationsTest" time="0.001"/>
  <testcase name="testSubtract_NegativeResults" classname="com.example.ArithmeticOperationsTest" time="0.001"/>
  <testcase name="testMultiply_NegativeNumbers" classname="com.example.ArithmeticOperationsTest" time="0.0"/>
  <testcase name="testAdd_PositiveNumbers" classname="com.example.ArithmeticOperationsTest" time="0.0"/>
  <testcase name="testSubtract_WithZero" classname="com.example.ArithmeticOperationsTest" time="0.0"/>
  <testcase name="testAdd_NegativeNumbers" classname="com.example.ArithmeticOperationsTest" time="0.0"/>
  <testcase name="testEdgeCases_IntegerBounds" classname="com.example.ArithmeticOperationsTest" time="0.001"/>
  <testcase name="testDivide_ByOne" classname="com.example.ArithmeticOperationsTest" time="0.001"/>
  <testcase name="testDivide_FractionalResults" classname="com.example.ArithmeticOperationsTest" time="0.001"/>
  <testcase name="testDivide_ByZero_ThrowsException" classname="com.example.ArithmeticOperationsTest" time="0.002"/>
  <testcase name="testDivide_WithZeroNumerator" classname="com.example.ArithmeticOperationsTest" time="0.001"/>
  <testcase name="testOverflow_Multiply" classname="com.example.ArithmeticOperationsTest" time="0.001"/>
  <testcase name="testOverflow_Add" classname="com.example.ArithmeticOperationsTest" time="0.001"/>
  <testcase name="testDivide_PositiveResults" classname="com.example.ArithmeticOperationsTest" time="0.0"/>
  <testcase name="testDivide_NegativeResults" classname="com.example.ArithmeticOperationsTest" time="0.0"/>
  <testcase name="testLargeNumbers" classname="com.example.ArithmeticOperationsTest" time="0.001"/>
  <testcase name="testMultiply_WithZero" classname="com.example.ArithmeticOperationsTest" time="0.0"/>
</testsuite>