<?xml version="1.0" encoding="UTF-8"?>
<testng-results ignored="0" total="69" passed="69" failed="0" skipped="0">
  <reporter-output>
  </reporter-output>
  <suite started-at="2026-03-10T21:56:41 YEKT" name="MyTestSuite" finished-at="2026-03-10T21:56:41 YEKT" duration-ms="93">
    <groups>
    </groups>
    <test started-at="2026-03-10T21:56:41 YEKT" name="UnitTests" finished-at="2026-03-10T21:56:41 YEKT" duration-ms="93">
      <class name="com.example.TestTriangleArea">
        <test-method signature="testAllZeroSides()[pri:0, instance:com.example.TestTriangleArea@3232a28a]" started-at="2026-03-10T21:56:41 YEKT" name="testAllZeroSides" finished-at="2026-03-10T21:56:41 YEKT" duration-ms="1" status="PASS">
          <reporter-output>
          </reporter-output>
        </test-method> <!-- testAllZeroSides -->
        <test-method signature="testDegenerateTriangle()[pri:0, instance:com.example.TestTriangleArea@3232a28a]" started-at="2026-03-10T21:56:41 YEKT" name="testDegenerateTriangle" finished-at="2026-03-10T21:56:41 YEKT" duration-ms="1" status="PASS">
          <reporter-output>
          </reporter-output>
        </test-method> <!-- testDegenerateTriangle -->
        <test-method signature="testFloatingPointPrecision()[pri:0, instance:com.example.TestTriangleArea@3232a28a]" started-at="2026-03-10T21:56:41 YEKT" name="testFloatingPointPrecision" finished-at="2026-03-10T21:56:41 YEKT" duration-ms="1" status="PASS">
          <reporter-output>
          </reporter-output>
        </test-method> <!-- testFloatingPointPrecision -->
        <test-method signature="testInvalidTriangleSumOfTwoSidesEqualsThird()[pri:0, instance:com.example.TestTriangleArea@3232a28a]" started-at="2026-03-10T21:56:41 YEKT" name="testInvalidTriangleSumOfTwoSidesEqualsThird" finished-at="2026-03-10T21:56:41 YEKT" duration-ms="1" status="PASS">
          <reporter-output>
          </reporter-output>
        </test-method> <!-- testInvalidTriangleSumOfTwoSidesEqualsThird -->
        <test-method signature="testInvalidTriangleSumOfTwoSidesLessThanThird()[pri:0, instance:com.example.TestTriangleArea@3232a28a]" started-at="2026-03-10T21:56:41 YEKT" name="testInvalidTriangleSumOfTwoSidesLessThanThird" finished-at="2026-03-10T21:56:41 YEKT" duration-ms="1" status="PASS">
          <reporter-output>
          </reporter-output>
        </test-method> <!-- testInvalidTriangleSumOfTwoSidesLessThanThird -->
        <test-method signature="testLargeSides()[pri:0, instance:com.example.TestTriangleArea@3232a28a]" started-at="2026-03-10T21:56:41 YEKT" name="testLargeSides" finished-at="2026-03-10T21:56:41 YEKT" duration-ms="0" status="PASS">
          <reporter-output>
          </reporter-output>
        </test-method> <!-- testLargeSides -->
        <test-method signature="testNegativeSide()[pri:0, instance:com.example.TestTriangleArea@3232a28a]" started-at="2026-03-10T21:56:41 YEKT" name="testNegativeSide" finished-at="2026-03-10T21:56:41 YEKT" duration-ms="1" status="PASS">
          <reporter-output>
          </reporter-output>
        </test-method> <!-- testNegativeSide -->
        <test-method signature="testValidTriangleEquilateral()[pri:0, instance:com.example.TestTriangleArea@3232a28a]" started-at="2026-03-10T21:56:41 YEKT" name="testValidTriangleEquilateral" finished-at="2026-03-10T21:56:41 YEKT" duration-ms="1" status="PASS">
          <reporter-output>
          </reporter-output>
        </test-method> <!-- testValidTriangleEquilateral -->
        <test-method signature="testValidTriangleIsosceles()[pri:0, instance:com.example.TestTriangleArea@3232a28a]" started-at="2026-03-10T21:56:41 YEKT" name="testValidTriangleIsosceles" finished-at="2026-03-10T21:56:41 YEKT" duration-ms="0" status="PASS">
          <reporter-output>
          </reporter-output>
        </test-method> <!-- testValidTriangleIsosceles -->
        <test-method signature="testValidTriangleRightAngled()[pri:0, instance:com.example.TestTriangleArea@3232a28a]" started-at="2026-03-10T21:56:41 YEKT" name="testValidTriangleRightAngled" finished-at="2026-03-10T21:56:41 YEKT" duration-ms="0" status="PASS">
          <reporter-output>
          </reporter-output>
        </test-method> <!-- testValidTriangleRightAngled -->
        <test-method signature="testVerySmallSides()[pri:0, instance:com.example.TestTriangleArea@3232a28a]" started-at="2026-03-10T21:56:41 YEKT" name="testVerySmallSides" finished-at="2026-03-10T21:56:41 YEKT" duration-ms="0" status="PASS">
          <reporter-output>
          </reporter-output>
        </test-method> <!-- testVerySmallSides -->
        <test-method signature="testZeroSide()[pri:0, instance:com.example.TestTriangleArea@3232a28a]" started-at="2026-03-10T21:56:41 YEKT" name="testZeroSide" finished-at="2026-03-10T21:56:41 YEKT" duration-ms="0" status="PASS">
          <reporter-output>
          </reporter-output>
        </test-method> <!-- testZeroSide -->
      </class> <!-- com.example.TestTriangleArea -->
      <class name="com.example.TestArithmeticOperations">
        <test-method signature="testAddition(int,int,int,java.lang.String)[pri:0, instance:com.example.TestArithmeticOperations@662b4c69]" started-at="2026-03-10T21:56:41 YEKT" name="testAddition" data-provider="addition-data" finished-at="2026-03-10T21:56:41 YEKT" duration-ms="4" status="PASS">
          <params>
            <param index="0">
              <value>
                <![CDATA[2]]>
              </value>
            </param>
            <param index="1">
              <value>
                <![CDATA[3]]>
              </value>
            </param>
            <param index="2">
              <value>
                <![CDATA[5]]>
              </value>
            </param>
            <param index="3">
              <value>
                <![CDATA[Сложение положительных чисел]]>
              </value>
            </param>
          </params>
          <reporter-output>
          </reporter-output>
        </test-method> <!-- testAddition -->
        <test-method signature="testAddition(int,int,int,java.lang.String)[pri:0, instance:com.example.TestArithmeticOperations@662b4c69]" started-at="2026-03-10T21:56:41 YEKT" name="testAddition" data-provider="addition-data" finished-at="2026-03-10T21:56:41 YEKT" duration-ms="0" status="PASS">
          <params>
            <param index="0">
              <value>
                <![CDATA[0]]>
              </value>
            </param>
            <param index="1">
              <value>
                <![CDATA[0]]>
              </value>
            </param>
            <param index="2">
              <value>
                <![CDATA[0]]>
              </value>
            </param>
            <param index="3">
              <value>
                <![CDATA[Сложение нулей]]>
              </value>
            </param>
          </params>
          <reporter-output>
          </reporter-output>
        </test-method> <!-- testAddition -->
        <test-method signature="testAddition(int,int,int,java.lang.String)[pri:0, instance:com.example.TestArithmeticOperations@662b4c69]" started-at="2026-03-10T21:56:41 YEKT" name="testAddition" data-provider="addition-data" finished-at="2026-03-10T21:56:41 YEKT" duration-ms="0" status="PASS">
          <params>
            <param index="0">
              <value>
                <![CDATA[100]]>
              </value>
            </param>
            <param index="1">
              <value>
                <![CDATA[-50]]>
              </value>
            </param>
            <param index="2">
              <value>
                <![CDATA[50]]>
              </value>
            </param>
            <param index="3">
              <value>
                <![CDATA[Сложение с отрицательным]]>
              </value>
            </param>
          </params>
          <reporter-output>
          </reporter-output>
        </test-method> <!-- testAddition -->
        <test-method signature="testAddition(int,int,int,java.lang.String)[pri:0, instance:com.example.TestArithmeticOperations@662b4c69]" started-at="2026-03-10T21:56:41 YEKT" name="testAddition" data-provider="addition-data" finished-at="2026-03-10T21:56:41 YEKT" duration-ms="0" status="PASS">
          <params>
            <param index="0">
              <value>
                <![CDATA[-5]]>
              </value>
            </param>
            <param index="1">
              <value>
                <![CDATA[3]]>
              </value>
            </param>
            <param index="2">
              <value>
                <![CDATA[-2]]>
              </value>
            </param>
            <param index="3">
              <value>
                <![CDATA[Сложение отрицательного и положительного]]>
              </value>
            </param>
          </params>
          <reporter-output>
          </reporter-output>
        </test-method> <!-- testAddition -->
        <test-method signature="testAddition(int,int,int,java.lang.String)[pri:0, instance:com.example.TestArithmeticOperations@662b4c69]" started-at="2026-03-10T21:56:41 YEKT" name="testAddition" data-provider="addition-data" finished-at="2026-03-10T21:56:41 YEKT" duration-ms="0" status="PASS">
          <params>
            <param index="0">
              <value>
                <![CDATA[2147483646]]>
              </value>
            </param>
            <param index="1">
              <value>
                <![CDATA[1]]>
              </value>
            </param>
            <param index="2">
              <value>
                <![CDATA[2147483647]]>
              </value>
            </param>
            <param index="3">
              <value>
                <![CDATA[Близко к переполнению]]>
              </value>
            </param>
          </params>
          <reporter-output>
          </reporter-output>
        </test-method> <!-- testAddition -->
        <test-method signature="testComplexExpressions(java.lang.String,int,int)[pri:0, instance:com.example.TestArithmeticOperations@662b4c69]" started-at="2026-03-10T21:56:41 YEKT" name="testComplexExpressions" data-provider="complex-expressions" finished-at="2026-03-10T21:56:41 YEKT" duration-ms="0" status="PASS">
          <params>
            <param index="0">
              <value>
                <![CDATA[(2 + 3) * 4]]>
              </value>
            </param>
            <param index="1">
              <value>
                <![CDATA[20]]>
              </value>
            </param>
            <param index="2">
              <value>
                <![CDATA[20]]>
              </value>
            </param>
          </params>
          <reporter-output>
          </reporter-output>
        </test-method> <!-- testComplexExpressions -->
        <test-method signature="testComplexExpressions(java.lang.String,int,int)[pri:0, instance:com.example.TestArithmeticOperations@662b4c69]" started-at="2026-03-10T21:56:41 YEKT" name="testComplexExpressions" data-provider="complex-expressions" finished-at="2026-03-10T21:56:41 YEKT" duration-ms="0" status="PASS">
          <params>
            <param index="0">
              <value>
                <![CDATA[2 + 3 * 4]]>
              </value>
            </param>
            <param index="1">
              <value>
                <![CDATA[14]]>
              </value>
            </param>
            <param index="2">
              <value>
                <![CDATA[14]]>
              </value>
            </param>
          </params>
          <reporter-output>
          </reporter-output>
        </test-method> <!-- testComplexExpressions -->
        <test-method signature="testComplexExpressions(java.lang.String,int,int)[pri:0, instance:com.example.TestArithmeticOperations@662b4c69]" started-at="2026-03-10T21:56:41 YEKT" name="testComplexExpressions" data-provider="complex-expressions" finished-at="2026-03-10T21:56:41 YEKT" duration-ms="0" status="PASS">
          <params>
            <param index="0">
              <value>
                <![CDATA[10 / 2 + 3]]>
              </value>
            </param>
            <param index="1">
              <value>
                <![CDATA[8]]>
              </value>
            </param>
            <param index="2">
              <value>
                <![CDATA[8]]>
              </value>
            </param>
          </params>
          <reporter-output>
          </reporter-output>
        </test-method> <!-- testComplexExpressions -->
        <test-method signature="testComplexExpressions(java.lang.String,int,int)[pri:0, instance:com.example.TestArithmeticOperations@662b4c69]" started-at="2026-03-10T21:56:41 YEKT" name="testComplexExpressions" data-provider="complex-expressions" finished-at="2026-03-10T21:56:41 YEKT" duration-ms="1" status="PASS">
          <params>
            <param index="0">
              <value>
                <![CDATA[5 + 2 * 3 - 1]]>
              </value>
            </param>
            <param index="1">
              <value>
                <![CDATA[10]]>
              </value>
            </param>
            <param index="2">
              <value>
                <![CDATA[10]]>
              </value>
            </param>
          </params>
          <reporter-output>
          </reporter-output>
        </test-method> <!-- testComplexExpressions -->
        <test-method signature="testDivision(int,int,int,java.lang.String)[pri:0, instance:com.example.TestArithmeticOperations@662b4c69]" started-at="2026-03-10T21:56:41 YEKT" name="testDivision" data-provider="division-data" finished-at="2026-03-10T21:56:41 YEKT" duration-ms="1" status="PASS">
          <params>
            <param index="0">
              <value>
                <![CDATA[20]]>
              </value>
            </param>
            <param index="1">
              <value>
                <![CDATA[4]]>
              </value>
            </param>
            <param index="2">
              <value>
                <![CDATA[5]]>
              </value>
            </param>
            <param index="3">
              <value>
                <![CDATA[Обычное деление]]>
              </value>
            </param>
          </params>
          <reporter-output>
          </reporter-output>
        </test-method> <!-- testDivision -->
        <test-method signature="testDivision(int,int,int,java.lang.String)[pri:0, instance:com.example.TestArithmeticOperations@662b4c69]" started-at="2026-03-10T21:56:41 YEKT" name="testDivision" data-provider="division-data" finished-at="2026-03-10T21:56:41 YEKT" duration-ms="0" status="PASS">
          <params>
            <param index="0">
              <value>
                <![CDATA[7]]>
              </value>
            </param>
            <param index="1">
              <value>
                <![CDATA[2]]>
              </value>
            </param>
            <param index="2">
              <value>
                <![CDATA[3]]>
              </value>
            </param>
            <param index="3">
              <value>
                <![CDATA[Целочисленное деление]]>
              </value>
            </param>
          </params>
          <reporter-output>
          </reporter-output>
        </test-method> <!-- testDivision -->
        <test-method signature="testDivision(int,int,int,java.lang.String)[pri:0, instance:com.example.TestArithmeticOperations@662b4c69]" started-at="2026-03-10T21:56:41 YEKT" name="testDivision" data-provider="division-data" finished-at="2026-03-10T21:56:41 YEKT" duration-ms="0" status="PASS">
          <params>
            <param index="0">
              <value>
                <![CDATA[-10]]>
              </value>
            </param>
            <param index="1">
              <value>
                <![CDATA[2]]>
              </value>
            </param>
            <param index="2">
              <value>
                <![CDATA[-5]]>
              </value>
            </param>
            <param index="3">
              <value>
                <![CDATA[Отрицательное делимое]]>
              </value>
            </param>
          </params>
          <reporter-output>
          </reporter-output>
        </test-method> <!-- testDivision -->
        <test-method signature="testDivision(int,int,int,java.lang.String)[pri:0, instance:com.example.TestArithmeticOperations@662b4c69]" started-at="2026-03-10T21:56:41 YEKT" name="testDivision" data-provider="division-data" finished-at="2026-03-10T21:56:41 YEKT" duration-ms="1" status="PASS">
          <params>
            <param index="0">
              <value>
                <![CDATA[42]]>
              </value>
            </param>
            <param index="1">
              <value>
                <![CDATA[1]]>
              </value>
            </param>
            <param index="2">
              <value>
                <![CDATA[42]]>
              </value>
            </param>
            <param index="3">
              <value>
                <![CDATA[Деление на 1]]>
              </value>
            </param>
          </params>
          <reporter-output>
          </reporter-output>
        </test-method> <!-- testDivision -->
        <test-method signature="testDivision(int,int,int,java.lang.String)[pri:0, instance:com.example.TestArithmeticOperations@662b4c69]" started-at="2026-03-10T21:56:41 YEKT" name="testDivision" data-provider="division-data" finished-at="2026-03-10T21:56:41 YEKT" duration-ms="0" status="PASS">
          <params>
            <param index="0">
              <value>
                <![CDATA[15]]>
              </value>
            </param>
            <param index="1">
              <value>
                <![CDATA[-3]]>
              </value>
            </param>
            <param index="2">
              <value>
                <![CDATA[-5]]>
              </value>
            </param>
            <param index="3">
              <value>
                <![CDATA[Отрицательный делитель]]>
              </value>
            </param>
          </params>
          <reporter-output>
          </reporter-output>
        </test-method> <!-- testDivision -->
        <test-method signature="testDivisionByZero()[pri:0, instance:com.example.TestArithmeticOperations@662b4c69]" started-at="2026-03-10T21:56:41 YEKT" name="testDivisionByZero" finished-at="2026-03-10T21:56:41 YEKT" duration-ms="0" status="PASS">
          <exception class="java.lang.ArithmeticException">
            <message>
              <![CDATA[/ by zero]]>
            </message>
            <full-stacktrace>
              <![CDATA[java.lang.ArithmeticException: / by zero
at com.example.TestArithmeticOperations.performDivision(TestArithmeticOperations.java:77)
at com.example.TestArithmeticOperations.testDivisionByZero(TestArithmeticOperations.java:74)
at java.base/jdk.internal.reflect.NativeMethodAccessorImpl.invoke0(Native Method)
at java.base/jdk.internal.reflect.NativeMethodAccessorImpl.invoke(NativeMethodAccessorImpl.java:62)
at java.base/jdk.internal.reflect.DelegatingMethodAccessorImpl.invoke(DelegatingMethodAccessorImpl.java:43)
at java.base/java.lang.reflect.Method.invoke(Method.java:566)
at org.testng.internal.invokers.MethodInvocationHelper.invokeMethod(MethodInvocationHelper.java:139)
at org.testng.internal.invokers.TestInvoker.invokeMethod(TestInvoker.java:664)
at org.testng.internal.invokers.TestInvoker.invokeTestMethod(TestInvoker.java:228)
at org.testng.internal.invokers.MethodRunner.runInSequence(MethodRunner.java:63)
at org.testng.internal.invokers.TestInvoker$MethodInvocationAgent.invoke(TestInvoker.java:961)
at org.testng.internal.invokers.TestInvoker.invokeTestMethods(TestInvoker.java:201)
at org.testng.internal.invokers.TestMethodWorker.invokeTestMethods(TestMethodWorker.java:148)
at org.testng.internal.invokers.TestMethodWorker.run(TestMethodWorker.java:128)
at java.base/java.util.ArrayList.forEach(ArrayList.java:1541)
at org.testng.TestRunner.privateRun(TestRunner.java:819)
at org.testng.TestRunner.run(TestRunner.java:619)
at org.testng.SuiteRunner.runTest(SuiteRunner.java:443)
at org.testng.SuiteRunner.runSequentially(SuiteRunner.java:437)
at org.testng.SuiteRunner.privateRun(SuiteRunner.java:397)
at org.testng.SuiteRunner.run(SuiteRunner.java:336)
at org.testng.SuiteRunnerWorker.runSuite(SuiteRunnerWorker.java:52)
at org.testng.SuiteRunnerWorker.run(SuiteRunnerWorker.java:95)
at org.testng.TestNG.runSuitesSequentially(TestNG.java:1301)
at org.testng.TestNG.runSuitesLocally(TestNG.java:1228)
at org.testng.TestNG.runSuites(TestNG.java:1134)
at org.testng.TestNG.run(TestNG.java:1101)
at org.apache.maven.surefire.testng.TestNGExecutor.run(TestNGExecutor.java:308)
at org.apache.maven.surefire.testng.TestNGXmlTestSuite.execute(TestNGXmlTestSuite.java:71)
at org.apache.maven.surefire.testng.TestNGProvider.invoke(TestNGProvider.java:113)
at org.apache.maven.surefire.booter.ForkedBooter.runSuitesInProcess(ForkedBooter.java:385)
at org.apache.maven.surefire.booter.ForkedBooter.execute(ForkedBooter.java:162)
at org.apache.maven.surefire.booter.ForkedBooter.run(ForkedBooter.java:507)
at org.apache.maven.surefire.booter.ForkedBooter.main(ForkedBooter.java:495)
]]>
            </full-stacktrace>
          </exception> <!-- java.lang.ArithmeticException -->
          <reporter-output>
          </reporter-output>
        </test-method> <!-- testDivisionByZero -->
        <test-method signature="testModulo(int,int,int,java.lang.String)[pri:0, instance:com.example.TestArithmeticOperations@662b4c69]" started-at="2026-03-10T21:56:41 YEKT" name="testModulo" data-provider="modulo-data" finished-at="2026-03-10T21:56:41 YEKT" duration-ms="1" status="PASS">
          <params>
            <param index="0">
              <value>
                <![CDATA[10]]>
              </value>
            </param>
            <param index="1">
              <value>
                <![CDATA[3]]>
              </value>
            </param>
            <param index="2">
              <value>
                <![CDATA[1]]>
              </value>
            </param>
            <param index="3">
              <value>
                <![CDATA[Обычный остаток]]>
              </value>
            </param>
          </params>
          <reporter-output>
          </reporter-output>
        </test-method> <!-- testModulo -->
        <test-method signature="testModulo(int,int,int,java.lang.String)[pri:0, instance:com.example.TestArithmeticOperations@662b4c69]" started-at="2026-03-10T21:56:41 YEKT" name="testModulo" data-provider="modulo-data" finished-at="2026-03-10T21:56:41 YEKT" duration-ms="0" status="PASS">
          <params>
            <param index="0">
              <value>
                <![CDATA[8]]>
              </value>
            </param>
            <param index="1">
              <value>
                <![CDATA[4]]>
              </value>
            </param>
            <param index="2">
              <value>
                <![CDATA[0]]>
              </value>
            </param>
            <param index="3">
              <value>
                <![CDATA[Остаток 0]]>
              </value>
            </param>
          </params>
          <reporter-output>
          </reporter-output>
        </test-method> <!-- testModulo -->
        <test-method signature="testModulo(int,int,int,java.lang.String)[pri:0, instance:com.example.TestArithmeticOperations@662b4c69]" started-at="2026-03-10T21:56:41 YEKT" name="testModulo" data-provider="modulo-data" finished-at="2026-03-10T21:56:41 YEKT" duration-ms="1" status="PASS">
          <params>
            <param index="0">
              <value>
                <![CDATA[-7]]>
              </value>
            </param>
            <param index="1">
              <value>
                <![CDATA[3]]>
              </value>
            </param>
            <param index="2">
              <value>
                <![CDATA[-1]]>
              </value>
            </param>
            <param index="3">
              <value>
                <![CDATA[Отрицательное делимое (результат: -1)]]>
              </value>
            </param>
          </params>
          <reporter-output>
          </reporter-output>
        </test-method> <!-- testModulo -->
        <test-method signature="testModulo(int,int,int,java.lang.String)[pri:0, instance:com.example.TestArithmeticOperations@662b4c69]" started-at="2026-03-10T21:56:41 YEKT" name="testModulo" data-provider="modulo-data" finished-at="2026-03-10T21:56:41 YEKT" duration-ms="0" status="PASS">
          <params>
            <param index="0">
              <value>
                <![CDATA[7]]>
              </value>
            </param>
            <param index="1">
              <value>
                <![CDATA[10]]>
              </value>
            </param>
            <param index="2">
              <value>
                <![CDATA[7]]>
              </value>
            </param>
            <param index="3">
              <value>
                <![CDATA[Делимое меньше делителя]]>
              </value>
            </param>
          </params>
          <reporter-output>
          </reporter-output>
        </test-method> <!-- testModulo -->
        <test-method signature="testModulo(int,int,int,java.lang.String)[pri:0, instance:com.example.TestArithmeticOperations@662b4c69]" started-at="2026-03-10T21:56:41 YEKT" name="testModulo" data-provider="modulo-data" finished-at="2026-03-10T21:56:41 YEKT" duration-ms="0" status="PASS">
          <params>
            <param index="0">
              <value>
                <![CDATA[7]]>
              </value>
            </param>
            <param index="1">
              <value>
                <![CDATA[-3]]>
              </value>
            </param>
            <param index="2">
              <value>
                <![CDATA[1]]>
              </value>
            </param>
            <param index="3">
              <value>
                <![CDATA[Отрицательный делитель (результат: 1)]]>
              </value>
            </param>
          </params>
          <reporter-output>
          </reporter-output>
        </test-method> <!-- testModulo -->
        <test-method signature="testMultiplication(int,int,int,java.lang.String)[pri:0, instance:com.example.TestArithmeticOperations@662b4c69]" started-at="2026-03-10T21:56:41 YEKT" name="testMultiplication" data-provider="multiplication-data" finished-at="2026-03-10T21:56:41 YEKT" duration-ms="0" status="PASS">
          <params>
            <param index="0">
              <value>
                <![CDATA[4]]>
              </value>
            </param>
            <param index="1">
              <value>
                <![CDATA[5]]>
              </value>
            </param>
            <param index="2">
              <value>
                <![CDATA[20]]>
              </value>
            </param>
            <param index="3">
              <value>
                <![CDATA[Умножение положительных]]>
              </value>
            </param>
          </params>
          <reporter-output>
          </reporter-output>
        </test-method> <!-- testMultiplication -->
        <test-method signature="testMultiplication(int,int,int,java.lang.String)[pri:0, instance:com.example.TestArithmeticOperations@662b4c69]" started-at="2026-03-10T21:56:41 YEKT" name="testMultiplication" data-provider="multiplication-data" finished-at="2026-03-10T21:56:41 YEKT" duration-ms="0" status="PASS">
          <params>
            <param index="0">
              <value>
                <![CDATA[-3]]>
              </value>
            </param>
            <param index="1">
              <value>
                <![CDATA[4]]>
              </value>
            </param>
            <param index="2">
              <value>
                <![CDATA[-12]]>
              </value>
            </param>
            <param index="3">
              <value>
                <![CDATA[Отрицательное * положительное]]>
              </value>
            </param>
          </params>
          <reporter-output>
          </reporter-output>
        </test-method> <!-- testMultiplication -->
        <test-method signature="testMultiplication(int,int,int,java.lang.String)[pri:0, instance:com.example.TestArithmeticOperations@662b4c69]" started-at="2026-03-10T21:56:41 YEKT" name="testMultiplication" data-provider="multiplication-data" finished-at="2026-03-10T21:56:41 YEKT" duration-ms="0" status="PASS">
          <params>
            <param index="0">
              <value>
                <![CDATA[0]]>
              </value>
            </param>
            <param index="1">
              <value>
                <![CDATA[100]]>
              </value>
            </param>
            <param index="2">
              <value>
                <![CDATA[0]]>
              </value>
            </param>
            <param index="3">
              <value>
                <![CDATA[Умножение на ноль]]>
              </value>
            </param>
          </params>
          <reporter-output>
          </reporter-output>
        </test-method> <!-- testMultiplication -->
        <test-method signature="testMultiplication(int,int,int,java.lang.String)[pri:0, instance:com.example.TestArithmeticOperations@662b4c69]" started-at="2026-03-10T21:56:41 YEKT" name="testMultiplication" data-provider="multiplication-data" finished-at="2026-03-10T21:56:41 YEKT" duration-ms="0" status="PASS">
          <params>
            <param index="0">
              <value>
                <![CDATA[-2]]>
              </value>
            </param>
            <param index="1">
              <value>
                <![CDATA[-5]]>
              </value>
            </param>
            <param index="2">
              <value>
                <![CDATA[10]]>
              </value>
            </param>
            <param index="3">
              <value>
                <![CDATA[Отрицательное * отрицательное]]>
              </value>
            </param>
          </params>
          <reporter-output>
          </reporter-output>
        </test-method> <!-- testMultiplication -->
        <test-method signature="testMultiplication(int,int,int,java.lang.String)[pri:0, instance:com.example.TestArithmeticOperations@662b4c69]" started-at="2026-03-10T21:56:41 YEKT" name="testMultiplication" data-provider="multiplication-data" finished-at="2026-03-10T21:56:41 YEKT" duration-ms="0" status="PASS">
          <params>
            <param index="0">
              <value>
                <![CDATA[1]]>
              </value>
            </param>
            <param index="1">
              <value>
                <![CDATA[42]]>
              </value>
            </param>
            <param index="2">
              <value>
                <![CDATA[42]]>
              </value>
            </param>
            <param index="3">
              <value>
                <![CDATA[Умножение на 1]]>
              </value>
            </param>
          </params>
          <reporter-output>
          </reporter-output>
        </test-method> <!-- testMultiplication -->
        <test-method signature="testSubtraction(int,int,int,java.lang.String)[pri:0, instance:com.example.TestArithmeticOperations@662b4c69]" started-at="2026-03-10T21:56:41 YEKT" name="testSubtraction" data-provider="subtraction-data" finished-at="2026-03-10T21:56:41 YEKT" duration-ms="0" status="PASS">
          <params>
            <param index="0">
              <value>
                <![CDATA[5]]>
              </value>
            </param>
            <param index="1">
              <value>
                <![CDATA[5]]>
              </value>
            </param>
            <param index="2">
              <value>
                <![CDATA[0]]>
              </value>
            </param>
            <param index="3">
              <value>
                <![CDATA[Вычитание одинаковых чисел]]>
              </value>
            </param>
          </params>
          <reporter-output>
          </reporter-output>
        </test-method> <!-- testSubtraction -->
        <test-method signature="testSubtraction(int,int,int,java.lang.String)[pri:0, instance:com.example.TestArithmeticOperations@662b4c69]" started-at="2026-03-10T21:56:41 YEKT" name="testSubtraction" data-provider="subtraction-data" finished-at="2026-03-10T21:56:41 YEKT" duration-ms="1" status="PASS">
          <params>
            <param index="0">
              <value>
                <![CDATA[0]]>
              </value>
            </param>
            <param index="1">
              <value>
                <![CDATA[5]]>
              </value>
            </param>
            <param index="2">
              <value>
                <![CDATA[-5]]>
              </value>
            </param>
            <param index="3">
              <value>
                <![CDATA[Вычитание из нуля]]>
              </value>
            </param>
          </params>
          <reporter-output>
          </reporter-output>
        </test-method> <!-- testSubtraction -->
        <test-method signature="testSubtraction(int,int,int,java.lang.String)[pri:0, instance:com.example.TestArithmeticOperations@662b4c69]" started-at="2026-03-10T21:56:41 YEKT" name="testSubtraction" data-provider="subtraction-data" finished-at="2026-03-10T21:56:41 YEKT" duration-ms="0" status="PASS">
          <params>
            <param index="0">
              <value>
                <![CDATA[10]]>
              </value>
            </param>
            <param index="1">
              <value>
                <![CDATA[3]]>
              </value>
            </param>
            <param index="2">
              <value>
                <![CDATA[7]]>
              </value>
            </param>
            <param index="3">
              <value>
                <![CDATA[Обычное вычитание]]>
              </value>
            </param>
          </params>
          <reporter-output>
          </reporter-output>
        </test-method> <!-- testSubtraction -->
        <test-method signature="testSubtraction(int,int,int,java.lang.String)[pri:0, instance:com.example.TestArithmeticOperations@662b4c69]" started-at="2026-03-10T21:56:41 YEKT" name="testSubtraction" data-provider="subtraction-data" finished-at="2026-03-10T21:56:41 YEKT" duration-ms="0" status="PASS">
          <params>
            <param index="0">
              <value>
                <![CDATA[-2147483643]]>
              </value>
            </param>
            <param index="1">
              <value>
                <![CDATA[5]]>
              </value>
            </param>
            <param index="2">
              <value>
                <![CDATA[-2147483648]]>
              </value>
            </param>
            <param index="3">
              <value>
                <![CDATA[Близко к минимальному]]>
              </value>
            </param>
          </params>
          <reporter-output>
          </reporter-output>
        </test-method> <!-- testSubtraction -->
        <test-method signature="testSubtraction(int,int,int,java.lang.String)[pri:0, instance:com.example.TestArithmeticOperations@662b4c69]" started-at="2026-03-10T21:56:41 YEKT" name="testSubtraction" data-provider="subtraction-data" finished-at="2026-03-10T21:56:41 YEKT" duration-ms="0" status="PASS">
          <params>
            <param index="0">
              <value>
                <![CDATA[-3]]>
              </value>
            </param>
            <param index="1">
              <value>
                <![CDATA[2]]>
              </value>
            </param>
            <param index="2">
              <value>
                <![CDATA[-5]]>
              </value>
            </param>
            <param index="3">
              <value>
                <![CDATA[Вычитание с отрицательными]]>
              </value>
            </param>
          </params>
          <reporter-output>
          </reporter-output>
        </test-method> <!-- testSubtraction -->
      </class> <!-- com.example.TestArithmeticOperations -->
      <class name="com.example.TestNumberComparison">
        <test-method signature="testEqualNumbers()[pri:0, instance:com.example.TestNumberComparison@7133da86]" started-at="2026-03-10T21:56:41 YEKT" name="testEqualNumbers" finished-at="2026-03-10T21:56:41 YEKT" duration-ms="2" status="PASS">
          <reporter-output>
          </reporter-output>
        </test-method> <!-- testEqualNumbers -->
        <test-method signature="testLargeNumbers()[pri:0, instance:com.example.TestNumberComparison@7133da86]" started-at="2026-03-10T21:56:41 YEKT" name="testLargeNumbers" finished-at="2026-03-10T21:56:41 YEKT" duration-ms="0" status="PASS">
          <reporter-output>
          </reporter-output>
        </test-method> <!-- testLargeNumbers -->
        <test-method signature="testMixedSignsFirstNegative()[pri:0, instance:com.example.TestNumberComparison@7133da86]" started-at="2026-03-10T21:56:41 YEKT" name="testMixedSignsFirstNegative" finished-at="2026-03-10T21:56:41 YEKT" duration-ms="1" status="PASS">
          <reporter-output>
          </reporter-output>
        </test-method> <!-- testMixedSignsFirstNegative -->
        <test-method signature="testMinMaxValues()[pri:0, instance:com.example.TestNumberComparison@7133da86]" started-at="2026-03-10T21:56:41 YEKT" name="testMinMaxValues" finished-at="2026-03-10T21:56:41 YEKT" duration-ms="0" status="PASS">
          <reporter-output>
          </reporter-output>
        </test-method> <!-- testMinMaxValues -->
        <test-method signature="testMixedSignsFirstPositive()[pri:0, instance:com.example.TestNumberComparison@7133da86]" started-at="2026-03-10T21:56:41 YEKT" name="testMixedSignsFirstPositive" finished-at="2026-03-10T21:56:41 YEKT" duration-ms="1" status="PASS">
          <reporter-output>
          </reporter-output>
        </test-method> <!-- testMixedSignsFirstPositive -->
        <test-method signature="testNegativeNumbersFirstGreater()[pri:0, instance:com.example.TestNumberComparison@7133da86]" started-at="2026-03-10T21:56:41 YEKT" name="testNegativeNumbersFirstGreater" finished-at="2026-03-10T21:56:41 YEKT" duration-ms="0" status="PASS">
          <reporter-output>
          </reporter-output>
        </test-method> <!-- testNegativeNumbersFirstGreater -->
        <test-method signature="testNegativeNumbersFirstLess()[pri:0, instance:com.example.TestNumberComparison@7133da86]" started-at="2026-03-10T21:56:41 YEKT" name="testNegativeNumbersFirstLess" finished-at="2026-03-10T21:56:41 YEKT" duration-ms="0" status="PASS">
          <reporter-output>
          </reporter-output>
        </test-method> <!-- testNegativeNumbersFirstLess -->
        <test-method signature="testNumberGreater()[pri:0, instance:com.example.TestNumberComparison@7133da86]" started-at="2026-03-10T21:56:41 YEKT" name="testNumberGreater" finished-at="2026-03-10T21:56:41 YEKT" duration-ms="0" status="PASS">
          <reporter-output>
          </reporter-output>
        </test-method> <!-- testNumberGreater -->
        <test-method signature="testNumberLess()[pri:0, instance:com.example.TestNumberComparison@7133da86]" started-at="2026-03-10T21:56:41 YEKT" name="testNumberLess" finished-at="2026-03-10T21:56:41 YEKT" duration-ms="0" status="PASS">
          <reporter-output>
          </reporter-output>
        </test-method> <!-- testNumberLess -->
        <test-method signature="testZeroComparison()[pri:0, instance:com.example.TestNumberComparison@7133da86]" started-at="2026-03-10T21:56:41 YEKT" name="testZeroComparison" finished-at="2026-03-10T21:56:41 YEKT" duration-ms="1" status="PASS">
          <reporter-output>
          </reporter-output>
        </test-method> <!-- testZeroComparison -->
      </class> <!-- com.example.TestNumberComparison -->
      <class name="com.example.TestFactorialCalculator">
        <test-method signature="testCalculateFactorial(int,long)[pri:0, instance:com.example.TestFactorialCalculator@4d0f2471]" started-at="2026-03-10T21:56:41 YEKT" name="testCalculateFactorial" data-provider="factorial-data" finished-at="2026-03-10T21:56:41 YEKT" duration-ms="3" status="PASS">
          <params>
            <param index="0">
              <value>
                <![CDATA[0]]>
              </value>
            </param>
            <param index="1">
              <value>
                <![CDATA[1]]>
              </value>
            </param>
          </params>
          <reporter-output>
          </reporter-output>
        </test-method> <!-- testCalculateFactorial -->
        <test-method signature="testCalculateFactorial(int,long)[pri:0, instance:com.example.TestFactorialCalculator@4d0f2471]" started-at="2026-03-10T21:56:41 YEKT" name="testCalculateFactorial" data-provider="factorial-data" finished-at="2026-03-10T21:56:41 YEKT" duration-ms="1" status="PASS">
          <params>
            <param index="0">
              <value>
                <![CDATA[1]]>
              </value>
            </param>
            <param index="1">
              <value>
                <![CDATA[1]]>
              </value>
            </param>
          </params>
          <reporter-output>
          </reporter-output>
        </test-method> <!-- testCalculateFactorial -->
        <test-method signature="testCalculateFactorial(int,long)[pri:0, instance:com.example.TestFactorialCalculator@4d0f2471]" started-at="2026-03-10T21:56:41 YEKT" name="testCalculateFactorial" data-provider="factorial-data" finished-at="2026-03-10T21:56:41 YEKT" duration-ms="0" status="PASS">
          <params>
            <param index="0">
              <value>
                <![CDATA[2]]>
              </value>
            </param>
            <param index="1">
              <value>
                <![CDATA[2]]>
              </value>
            </param>
          </params>
          <reporter-output>
          </reporter-output>
        </test-method> <!-- testCalculateFactorial -->
        <test-method signature="testCalculateFactorial(int,long)[pri:0, instance:com.example.TestFactorialCalculator@4d0f2471]" started-at="2026-03-10T21:56:41 YEKT" name="testCalculateFactorial" data-provider="factorial-data" finished-at="2026-03-10T21:56:41 YEKT" duration-ms="0" status="PASS">
          <params>
            <param index="0">
              <value>
                <![CDATA[3]]>
              </value>
            </param>
            <param index="1">
              <value>
                <![CDATA[6]]>
              </value>
            </param>
          </params>
          <reporter-output>
          </reporter-output>
        </test-method> <!-- testCalculateFactorial -->
        <test-method signature="testCalculateFactorial(int,long)[pri:0, instance:com.example.TestFactorialCalculator@4d0f2471]" started-at="2026-03-10T21:56:41 YEKT" name="testCalculateFactorial" data-provider="factorial-data" finished-at="2026-03-10T21:56:41 YEKT" duration-ms="0" status="PASS">
          <params>
            <param index="0">
              <value>
                <![CDATA[5]]>
              </value>
            </param>
            <param index="1">
              <value>
                <![CDATA[120]]>
              </value>
            </param>
          </params>
          <reporter-output>
          </reporter-output>
        </test-method> <!-- testCalculateFactorial -->
        <test-method signature="testCalculateFactorial(int,long)[pri:0, instance:com.example.TestFactorialCalculator@4d0f2471]" started-at="2026-03-10T21:56:41 YEKT" name="testCalculateFactorial" data-provider="factorial-data" finished-at="2026-03-10T21:56:41 YEKT" duration-ms="0" status="PASS">
          <params>
            <param index="0">
              <value>
                <![CDATA[4]]>
              </value>
            </param>
            <param index="1">
              <value>
                <![CDATA[24]]>
              </value>
            </param>
          </params>
          <reporter-output>
          </reporter-output>
        </test-method> <!-- testCalculateFactorial -->
        <test-method signature="testCalculateFactorial(int,long)[pri:0, instance:com.example.TestFactorialCalculator@4d0f2471]" started-at="2026-03-10T21:56:41 YEKT" name="testCalculateFactorial" data-provider="factorial-data" finished-at="2026-03-10T21:56:41 YEKT" duration-ms="0" status="PASS">
          <params>
            <param index="0">
              <value>
                <![CDATA[6]]>
              </value>
            </param>
            <param index="1">
              <value>
                <![CDATA[720]]>
              </value>
            </param>
          </params>
          <reporter-output>
          </reporter-output>
        </test-method> <!-- testCalculateFactorial -->
        <test-method signature="testCalculateFactorial(int,long)[pri:0, instance:com.example.TestFactorialCalculator@4d0f2471]" started-at="2026-03-10T21:56:41 YEKT" name="testCalculateFactorial" data-provider="factorial-data" finished-at="2026-03-10T21:56:41 YEKT" duration-ms="0" status="PASS">
          <params>
            <param index="0">
              <value>
                <![CDATA[8]]>
              </value>
            </param>
            <param index="1">
              <value>
                <![CDATA[40320]]>
              </value>
            </param>
          </params>
          <reporter-output>
          </reporter-output>
        </test-method> <!-- testCalculateFactorial -->
        <test-method signature="testCalculateFactorial(int,long)[pri:0, instance:com.example.TestFactorialCalculator@4d0f2471]" started-at="2026-03-10T21:56:41 YEKT" name="testCalculateFactorial" data-provider="factorial-data" finished-at="2026-03-10T21:56:41 YEKT" duration-ms="0" status="PASS">
          <params>
            <param index="0">
              <value>
                <![CDATA[7]]>
              </value>
            </param>
            <param index="1">
              <value>
                <![CDATA[5040]]>
              </value>
            </param>
          </params>
          <reporter-output>
          </reporter-output>
        </test-method> <!-- testCalculateFactorial -->
        <test-method signature="testCalculateFactorial(int,long)[pri:0, instance:com.example.TestFactorialCalculator@4d0f2471]" started-at="2026-03-10T21:56:41 YEKT" name="testCalculateFactorial" data-provider="factorial-data" finished-at="2026-03-10T21:56:41 YEKT" duration-ms="0" status="PASS">
          <params>
            <param index="0">
              <value>
                <![CDATA[9]]>
              </value>
            </param>
            <param index="1">
              <value>
                <![CDATA[362880]]>
              </value>
            </param>
          </params>
          <reporter-output>
          </reporter-output>
        </test-method> <!-- testCalculateFactorial -->
        <test-method signature="testCalculateFactorial(int,long)[pri:0, instance:com.example.TestFactorialCalculator@4d0f2471]" started-at="2026-03-10T21:56:41 YEKT" name="testCalculateFactorial" data-provider="factorial-data" finished-at="2026-03-10T21:56:41 YEKT" duration-ms="0" status="PASS">
          <params>
            <param index="0">
              <value>
                <![CDATA[15]]>
              </value>
            </param>
            <param index="1">
              <value>
                <![CDATA[1307674368000]]>
              </value>
            </param>
          </params>
          <reporter-output>
          </reporter-output>
        </test-method> <!-- testCalculateFactorial -->
        <test-method signature="testCalculateFactorial(int,long)[pri:0, instance:com.example.TestFactorialCalculator@4d0f2471]" started-at="2026-03-10T21:56:41 YEKT" name="testCalculateFactorial" data-provider="factorial-data" finished-at="2026-03-10T21:56:41 YEKT" duration-ms="0" status="PASS">
          <params>
            <param index="0">
              <value>
                <![CDATA[10]]>
              </value>
            </param>
            <param index="1">
              <value>
                <![CDATA[3628800]]>
              </value>
            </param>
          </params>
          <reporter-output>
          </reporter-output>
        </test-method> <!-- testCalculateFactorial -->
        <test-method signature="testFactorialOfOne()[pri:0, instance:com.example.TestFactorialCalculator@4d0f2471]" started-at="2026-03-10T21:56:41 YEKT" name="testFactorialOfOne" finished-at="2026-03-10T21:56:41 YEKT" duration-ms="0" status="PASS">
          <reporter-output>
          </reporter-output>
        </test-method> <!-- testFactorialOfOne -->
        <test-method signature="testFactorialOverflow()[pri:0, instance:com.example.TestFactorialCalculator@4d0f2471]" started-at="2026-03-10T21:56:41 YEKT" name="testFactorialOverflow" finished-at="2026-03-10T21:56:41 YEKT" duration-ms="1" status="PASS">
          <reporter-output>
          </reporter-output>
        </test-method> <!-- testFactorialOverflow -->
        <test-method signature="testFactorialOfZero()[pri:0, instance:com.example.TestFactorialCalculator@4d0f2471]" started-at="2026-03-10T21:56:41 YEKT" name="testFactorialOfZero" finished-at="2026-03-10T21:56:41 YEKT" duration-ms="0" status="PASS">
          <reporter-output>
          </reporter-output>
        </test-method> <!-- testFactorialOfZero -->
        <test-method signature="testLargeNumberWithinLongRange()[pri:0, instance:com.example.TestFactorialCalculator@4d0f2471]" started-at="2026-03-10T21:56:41 YEKT" name="testLargeNumberWithinLongRange" finished-at="2026-03-10T21:56:41 YEKT" duration-ms="0" status="PASS">
          <reporter-output>
          </reporter-output>
        </test-method> <!-- testLargeNumberWithinLongRange -->
        <test-method signature="testNegativeNumberThrowsException()[pri:0, instance:com.example.TestFactorialCalculator@4d0f2471]" started-at="2026-03-10T21:56:41 YEKT" name="testNegativeNumberThrowsException" finished-at="2026-03-10T21:56:41 YEKT" duration-ms="0" status="PASS">
          <exception class="java.lang.IllegalArgumentException">
            <message>
              <![CDATA[Факториал отрицательного числа не существует.]]>
            </message>
            <full-stacktrace>
              <![CDATA[java.lang.IllegalArgumentException: Факториал отрицательного числа не существует.
at com.example.FactorialCalculator.calculateFactorial(FactorialCalculator.java:24)
at com.example.TestFactorialCalculator.testNegativeNumberThrowsException(TestFactorialCalculator.java:48)
at java.base/jdk.internal.reflect.NativeMethodAccessorImpl.invoke0(Native Method)
at java.base/jdk.internal.reflect.NativeMethodAccessorImpl.invoke(NativeMethodAccessorImpl.java:62)
at java.base/jdk.internal.reflect.DelegatingMethodAccessorImpl.invoke(DelegatingMethodAccessorImpl.java:43)
at java.base/java.lang.reflect.Method.invoke(Method.java:566)
at org.testng.internal.invokers.MethodInvocationHelper.invokeMethod(MethodInvocationHelper.java:139)
at org.testng.internal.invokers.TestInvoker.invokeMethod(TestInvoker.java:664)
at org.testng.internal.invokers.TestInvoker.invokeTestMethod(TestInvoker.java:228)
at org.testng.internal.invokers.MethodRunner.runInSequence(MethodRunner.java:63)
at org.testng.internal.invokers.TestInvoker$MethodInvocationAgent.invoke(TestInvoker.java:961)
at org.testng.internal.invokers.TestInvoker.invokeTestMethods(TestInvoker.java:201)
at org.testng.internal.invokers.TestMethodWorker.invokeTestMethods(TestMethodWorker.java:148)
at org.testng.internal.invokers.TestMethodWorker.run(TestMethodWorker.java:128)
at java.base/java.util.ArrayList.forEach(ArrayList.java:1541)
at org.testng.TestRunner.privateRun(TestRunner.java:819)
at org.testng.TestRunner.run(TestRunner.java:619)
at org.testng.SuiteRunner.runTest(SuiteRunner.java:443)
at org.testng.SuiteRunner.runSequentially(SuiteRunner.java:437)
at org.testng.SuiteRunner.privateRun(SuiteRunner.java:397)
at org.testng.SuiteRunner.run(SuiteRunner.java:336)
at org.testng.SuiteRunnerWorker.runSuite(SuiteRunnerWorker.java:52)
at org.testng.SuiteRunnerWorker.run(SuiteRunnerWorker.java:95)
at org.testng.TestNG.runSuitesSequentially(TestNG.java:1301)
at org.testng.TestNG.runSuitesLocally(TestNG.java:1228)
at org.testng.TestNG.runSuites(TestNG.java:1134)
at org.testng.TestNG.run(TestNG.java:1101)
at org.apache.maven.surefire.testng.TestNGExecutor.run(TestNGExecutor.java:308)
at org.apache.maven.surefire.testng.TestNGXmlTestSuite.execute(TestNGXmlTestSuite.java:71)
at org.apache.maven.surefire.testng.TestNGProvider.invoke(TestNGProvider.java:113)
at org.apache.maven.surefire.booter.ForkedBooter.runSuitesInProcess(ForkedBooter.java:385)
at org.apache.maven.surefire.booter.ForkedBooter.execute(ForkedBooter.java:162)
at org.apache.maven.surefire.booter.ForkedBooter.run(ForkedBooter.java:507)
at org.apache.maven.surefire.booter.ForkedBooter.main(ForkedBooter.java:495)
]]>
            </full-stacktrace>
          </exception> <!-- java.lang.IllegalArgumentException -->
          <reporter-output>
          </reporter-output>
        </test-method> <!-- testNegativeNumberThrowsException -->
      </class> <!-- com.example.TestFactorialCalculator -->
    </test> <!-- UnitTests -->
  </suite> <!-- MyTestSuite -->
</testng-results>
