<?xml version="1.0" encoding="UTF-8"?>
<!-- Generated by org.testng.reporters.JUnitXMLReporter -->
<testsuite ignored="0" hostname="DESKTOP-FGHVBLO" failures="0" tests="69" name="UnitTests" time="0.093" errors="0" timestamp="2026-03-10T21:56:41 YEKT">
  <testcase classname="com.example.TestArithmeticOperations" name="testAddition" time="0.004"/>
  <testcase classname="com.example.TestArithmeticOperations" name="testAddition" time="0.0"/>
  <testcase classname="com.example.TestArithmeticOperations" name="testAddition" time="0.0"/>
  <testcase classname="com.example.TestArithmeticOperations" name="testAddition" time="0.0"/>
  <testcase classname="com.example.TestArithmeticOperations" name="testAddition" time="0.0"/>
  <testcase classname="com.example.TestArithmeticOperations" name="testComplexExpressions" time="0.0"/>
  <testcase classname="com.example.TestArithmeticOperations" name="testComplexExpressions" time="0.0"/>
  <testcase classname="com.example.TestArithmeticOperations" name="testComplexExpressions" time="0.0"/>
  <testcase classname="com.example.TestArithmeticOperations" name="testComplexExpressions" time="0.001"/>
  <testcase classname="com.example.TestArithmeticOperations" name="testDivision" time="0.001"/>
  <testcase classname="com.example.TestArithmeticOperations" name="testDivision" time="0.0"/>
  <testcase classname="com.example.TestArithmeticOperations" name="testDivision" time="0.0"/>
  <testcase classname="com.example.TestArithmeticOperations" name="testDivision" time="0.0"/>
  <testcase classname="com.example.TestArithmeticOperations" name="testDivision" time="0.001"/>
  <testcase classname="com.example.TestArithmeticOperations" name="testDivisionByZero" time="0.0"/>
  <testcase classname="com.example.TestArithmeticOperations" name="testModulo" time="0.001"/>
  <testcase classname="com.example.TestArithmeticOperations" name="testModulo" time="0.0"/>
  <testcase classname="com.example.TestArithmeticOperations" name="testModulo" time="0.0"/>
  <testcase classname="com.example.TestArithmeticOperations" name="testModulo" time="0.001"/>
  <testcase classname="com.example.TestArithmeticOperations" name="testModulo" time="0.0"/>
  <testcase classname="com.example.TestArithmeticOperations" name="testMultiplication" time="0.0"/>
  <testcase classname="com.example.TestArithmeticOperations" name="testMultiplication" time="0.0"/>
  <testcase classname="com.example.TestArithmeticOperations" name="testMultiplication" time="0.0"/>
  <testcase classname="com.example.TestArithmeticOperations" name="testMultiplication" time="0.0"/>
  <testcase classname="com.example.TestArithmeticOperations" name="testMultiplication" time="0.0"/>
  <testcase classname="com.example.TestArithmeticOperations" name="testSubtraction" time="0.0"/>
  <testcase classname="com.example.TestArithmeticOperations" name="testSubtraction" time="0.0"/>
  <testcase classname="com.example.TestArithmeticOperations" name="testSubtraction" time="0.001"/>
  <testcase classname="com.example.TestArithmeticOperations" name="testSubtraction" time="0.0"/>
  <testcase classname="com.example.TestArithmeticOperations" name="testSubtraction" time="0.0"/>
  <testcase classname="com.example.TestFactorialCalculator" name="testCalculateFactorial" time="0.003"/>
  <testcase classname="com.example.TestFactorialCalculator" name="testCalculateFactorial" time="0.001"/>
  <testcase classname="com.example.TestFactorialCalculator" name="testCalculateFactorial" time="0.0"/>
  <testcase classname="com.example.TestFactorialCalculator" name="testCalculateFactorial" time="0.0"/>
  <testcase classname="com.example.TestFactorialCalculator" name="testCalculateFactorial" time="0.0"/>
  <testcase classname="com.example.TestFactorialCalculator" name="testCalculateFactorial" time="0.0"/>
  <testcase classname="com.example.TestFactorialCalculator" name="testCalculateFactorial" time="0.0"/>
  <testcase classname="com.example.TestFactorialCalculator" name="testCalculateFactorial" time="0.0"/>
  <testcase classname="com.example.TestFactorialCalculator" name="testCalculateFactorial" time="0.0"/>
  <testcase classname="com.example.TestFactorialCalculator" name="testCalculateFactorial" time="0.0"/>
  <testcase classname="com.example.TestFactorialCalculator" name="testCalculateFactorial" time="0.0"/>
  <testcase classname="com.example.TestFactorialCalculator" name="testCalculateFactorial" time="0.0"/>
  <testcase classname="com.example.TestFactorialCalculator" name="testFactorialOfOne" time="0.0"/>
  <testcase classname="com.example.TestFactorialCalculator" name="testFactorialOfZero" time="0.0"/>
  <testcase classname="com.example.TestFactorialCalculator" name="testFactorialOverflow" time="0.001"/>
  <testcase classname="com.example.TestFactorialCalculator" name="testLargeNumberWithinLongRange" time="0.0"/>
  <testcase classname="com.example.TestFactorialCalculator" name="testNegativeNumberThrowsException" time="0.0"/>
  <testcase classname="com.example.TestNumberComparison" name="testEqualNumbers" time="0.002"/>
  <testcase classname="com.example.TestNumberComparison" name="testLargeNumbers" time="0.0"/>
  <testcase classname="com.example.TestNumberComparison" name="testMinMaxValues" time="0.0"/>
  <testcase classname="com.example.TestNumberComparison" name="testMixedSignsFirstNegative" time="0.001"/>
  <testcase classname="com.example.TestNumberComparison" name="testMixedSignsFirstPositive" time="0.001"/>
  <testcase classname="com.example.TestNumberComparison" name="testNegativeNumbersFirstGreater" time="0.0"/>
  <testcase classname="com.example.TestNumberComparison" name="testNegativeNumbersFirstLess" time="0.0"/>
  <testcase classname="com.example.TestNumberComparison" name="testNumberGreater" time="0.0"/>
  <testcase classname="com.example.TestNumberComparison" name="testNumberLess" time="0.0"/>
  <testcase classname="com.example.TestNumberComparison" name="testZeroComparison" time="0.001"/>
  <testcase classname="com.example.TestTriangleArea" name="testAllZeroSides" time="0.001"/>
  <testcase classname="com.example.TestTriangleArea" name="testDegenerateTriangle" time="0.001"/>
  <testcase classname="com.example.TestTriangleArea" name="testFloatingPointPrecision" time="0.001"/>
  <testcase classname="com.example.TestTriangleArea" name="testInvalidTriangleSumOfTwoSidesEqualsThird" time="0.001"/>
  <testcase classname="com.example.TestTriangleArea" name="testInvalidTriangleSumOfTwoSidesLessThanThird" time="0.001"/>
  <testcase classname="com.example.TestTriangleArea" name="testLargeSides" time="0.0"/>
  <testcase classname="com.example.TestTriangleArea" name="testNegativeSide" time="0.001"/>
  <testcase classname="com.example.TestTriangleArea" name="testValidTriangleEquilateral" time="0.001"/>
  <testcase classname="com.example.TestTriangleArea" name="testValidTriangleIsosceles" time="0.0"/>
  <testcase classname="com.example.TestTriangleArea" name="testValidTriangleRightAngled" time="0.0"/>
  <testcase classname="com.example.TestTriangleArea" name="testVerySmallSides" time="0.0"/>
  <testcase classname="com.example.TestTriangleArea" name="testZeroSide" time="0.0"/>
</testsuite> <!-- UnitTests -->
